Started at Mon May 22 16:42:22 UTC 2023
Processing Pipeline 1 - Prueba
Offering Pipeline 1 - Prueba to Project Build Discarder
Finished at Mon May 22 16:42:22 UTC 2023. 4ms
Started at Mon May 22 17:42:22 UTC 2023
Processing Pipeline 1 - Prueba
Offering Pipeline 1 - Prueba to Project Build Discarder
Finished at Mon May 22 17:42:22 UTC 2023. 2ms
Started at Mon May 22 18:42:22 UTC 2023
Processing Pipeline 1 - Prueba
Offering Pipeline 1 - Prueba to Project Build Discarder
Finished at Mon May 22 18:42:22 UTC 2023. 1ms
Started at Mon May 22 19:42:22 UTC 2023
Processing Pipeline 1 - Prueba
Offering Pipeline 1 - Prueba to Project Build Discarder
Finished at Mon May 22 19:42:22 UTC 2023. 1ms
Started at Mon May 22 20:42:22 UTC 2023
Processing Pipeline 1 - Prueba
Offering Pipeline 1 - Prueba to Project Build Discarder
Finished at Mon May 22 20:42:22 UTC 2023. 1ms
Started at Mon May 22 21:42:22 UTC 2023
Processing Pipeline 1 - Prueba
Offering Pipeline 1 - Prueba to Project Build Discarder
Finished at Mon May 22 21:42:22 UTC 2023. 1ms
Started at Mon May 22 22:42:22 UTC 2023
Processing Pipeline 1 - Prueba
Offering Pipeline 1 - Prueba to Project Build Discarder
Finished at Mon May 22 22:42:22 UTC 2023. 1ms
Started at Mon May 22 23:42:22 UTC 2023
Processing Pipeline 1 - Prueba
Offering Pipeline 1 - Prueba to Project Build Discarder
Finished at Mon May 22 23:42:22 UTC 2023. 1ms
Started at Tue May 23 00:42:22 UTC 2023
Processing Pipeline 1 - Prueba
Offering Pipeline 1 - Prueba to Project Build Discarder
Finished at Tue May 23 00:42:22 UTC 2023. 1ms
Started at Tue May 23 01:42:22 UTC 2023
Processing Pipeline 1 - Prueba
Offering Pipeline 1 - Prueba to Project Build Discarder
Finished at Tue May 23 01:42:22 UTC 2023. 1ms
Started at Tue May 23 02:42:22 UTC 2023
Processing Pipeline 1 - Prueba
Offering Pipeline 1 - Prueba to Project Build Discarder
Finished at Tue May 23 02:42:22 UTC 2023. 1ms
Started at Tue May 23 03:42:22 UTC 2023
Processing Pipeline 1 - Prueba
Offering Pipeline 1 - Prueba to Project Build Discarder
Finished at Tue May 23 03:42:22 UTC 2023. 1ms
Started at Tue May 23 04:42:22 UTC 2023
Processing Pipeline 1 - Prueba
Offering Pipeline 1 - Prueba to Project Build Discarder
Finished at Tue May 23 04:42:22 UTC 2023. 1ms
Started at Tue May 23 05:42:22 UTC 2023
Processing Pipeline 1 - Prueba
Offering Pipeline 1 - Prueba to Project Build Discarder
Finished at Tue May 23 05:42:22 UTC 2023. 1ms
Started at Tue May 23 06:42:22 UTC 2023
Processing Pipeline 1 - Prueba
Offering Pipeline 1 - Prueba to Project Build Discarder
Finished at Tue May 23 06:42:22 UTC 2023. 1ms
Started at Tue May 23 07:42:22 UTC 2023
Processing Pipeline 1 - Prueba
Offering Pipeline 1 - Prueba to Project Build Discarder
Finished at Tue May 23 07:42:22 UTC 2023. 0ms
Started at Tue May 23 08:42:22 UTC 2023
Processing Pipeline 1 - Prueba
Offering Pipeline 1 - Prueba to Project Build Discarder
Finished at Tue May 23 08:42:22 UTC 2023. 1ms
